\BOOKMARK [0][-]{chapter.1}{Introduction}{}% 1
\BOOKMARK [0][-]{chapter.2}{Review of Thermal Conductivity Prediction Methods}{}% 2
\BOOKMARK [1][-]{section.2.1}{Macroscopic Methods}{chapter.2}% 3
\BOOKMARK [2][-]{subsection.2.1.1}{Green-Kubo Relation}{section.2.1}% 4
\BOOKMARK [2][-]{subsection.2.1.2}{The Direct Method}{section.2.1}% 5
\BOOKMARK [1][-]{section.2.2}{Mode by Mode Methods}{chapter.2}% 6
\BOOKMARK [2][-]{subsection.2.2.1}{Phonon Boltzmann Transport Equation \(BTE\)}{section.2.2}% 7
\BOOKMARK [2][-]{subsection.2.2.2}{Lattice Dynamics}{section.2.2}% 8
\BOOKMARK [2][-]{subsection.2.2.3}{Normal Mode Decomposition}{section.2.2}% 9
\BOOKMARK [1][-]{section.2.3}{Bulk Comparison}{chapter.2}% 10
\BOOKMARK [1][-]{section.2.4}{Modeling Limitations and Challenges}{chapter.2}% 11
\BOOKMARK [0][-]{chapter.3}{Interface Study}{}% 12
\BOOKMARK [1][-]{section.3.1}{Thermal Boundary Resistance}{chapter.3}% 13
\BOOKMARK [1][-]{section.3.2}{NMD near an interface}{chapter.3}% 14
\BOOKMARK [0][-]{chapter.4}{Superlattice Study}{}% 15
\BOOKMARK [1][-]{section.4.1}{Background}{chapter.4}% 16
\BOOKMARK [1][-]{section.4.2}{Modeling Framework}{chapter.4}% 17
\BOOKMARK [2][-]{subsection.4.2.1}{Superlattice structure and interactions}{section.4.2}% 18
\BOOKMARK [2][-]{subsection.4.2.2}{Thermal conductivity prediction}{section.4.2}% 19
\BOOKMARK [1][-]{section.4.3}{Results}{chapter.4}% 20
\BOOKMARK [2][-]{subsection.4.3.1}{Dispersion and Power Spectra}{section.4.3}% 21
\BOOKMARK [2][-]{subsection.4.3.2}{Lifetimes}{section.4.3}% 22
\BOOKMARK [2][-]{subsection.4.3.3}{Thermal Conductivity}{section.4.3}% 23
\BOOKMARK [2][-]{subsection.4.3.4}{Size Effects}{section.4.3}% 24
\BOOKMARK [1][-]{section.4.4}{Superlattice phonons}{chapter.4}% 25
\BOOKMARK [1][-]{section.4.5}{Summary}{chapter.4}% 26
\BOOKMARK [0][-]{chapter.5}{Contributions and Future Research}{}% 27
\BOOKMARK [1][-]{section.5.1}{Contributions}{chapter.5}% 28
\BOOKMARK [1][-]{section.5.2}{Future Research}{chapter.5}% 29
\BOOKMARK [0][-]{section.5.2}{Bibliography}{}% 30
\BOOKMARK [0][-]{appendix.A}{The importance of eigenvectors}{}% 31
\BOOKMARK [0][-]{appendix.B}{Insight into the presence of additional peaks}{}% 32
\BOOKMARK [0][-]{appendix.C}{Size effects in superlattices}{}% 33
\BOOKMARK [0][-]{appendix.D}{LAMMPS input script}{}% 34
\BOOKMARK [0][-]{appendix.E}{GULP input script}{}% 35
\BOOKMARK [0][-]{appendix.F}{Matlab NMD script}{}% 36
